Aug 07, 2021 3:24:43 AM ca.concordia.dsd.util.LogUtil log
INFO: |UDPRequestReceiverThread| MTL UDP Server Started
Aug 07, 2021 3:24:43 AM ca.concordia.dsd.util.LogUtil log
INFO: |PingReceiverThread| Server MTL1 is receiving ping message using port : 8001
Aug 07, 2021 3:24:43 AM ca.concordia.dsd.util.LogUtil log
INFO: |UDPRequestReceiverThread| LVL UDP Server Started
Aug 07, 2021 3:24:43 AM ca.concordia.dsd.util.LogUtil log
INFO: |PingReceiverThread| Server LVL1 is receiving ping message using port : 8004
Aug 07, 2021 3:24:43 AM ca.concordia.dsd.util.LogUtil log
INFO: |UDPRequestReceiverThread| DDO UDP Server Started
Aug 07, 2021 3:24:43 AM ca.concordia.dsd.util.LogUtil log
INFO: |PingReceiverThread| Server DDO1 is receiving ping message using port : 8007
Aug 07, 2021 3:49:01 AM ca.concordia.dsd.util.LogUtil log
INFO: |UDPRequestReceiverThread| MTL UDP Server Started
Aug 07, 2021 3:49:01 AM ca.concordia.dsd.util.LogUtil log
INFO: |PingReceiverThread| Server MTL1 is receiving ping message using port : 8001
Aug 07, 2021 3:49:01 AM ca.concordia.dsd.util.LogUtil log
INFO: |UDPRequestReceiverThread| LVL UDP Server Started
Aug 07, 2021 3:49:01 AM ca.concordia.dsd.util.LogUtil log
INFO: |PingReceiverThread| Server LVL1 is receiving ping message using port : 8004
Aug 07, 2021 3:49:01 AM ca.concordia.dsd.util.LogUtil log
INFO: |UDPRequestReceiverThread| DDO UDP Server Started
Aug 07, 2021 3:49:01 AM ca.concordia.dsd.util.LogUtil log
INFO: |PingReceiverThread| Server DDO1 is receiving ping message using port : 8007
Aug 07, 2021 3:49:28 AM ca.concordia.dsd.util.LogUtil log
INFO: |ReplicaHandler| Preparing Multicast request for Create Teacher record : 2,CREATE_TR_RECORD,MTL,MTL1111,binit,kumar,montreal,123-123-1231,maths,MTL,1
Aug 07, 2021 3:49:28 AM ca.concordia.dsd.util.LogUtil log
INFO: |ReplicaHandler| Preparing Multicast request for Create Teacher record : 3,CREATE_TR_RECORD,MTL,MTL1111,binit,kumar,montreal,123-123-1231,maths,MTL,1
Aug 07, 2021 3:49:28 AM ca.concordia.dsd.util.LogUtil log
INFO: |CenterServer| New teacher record created TR1 by Manager : MTL1111 for the request ID: 1
Aug 07, 2021 3:49:28 AM ca.concordia.dsd.util.LogUtil log
INFO: |MultiCastSenderThread|  sending multicast, data : 2,CREATE_TR_RECORD,MTL,MTL1111,binit,kumar,montreal,123-123-1231,maths,MTL,1
Aug 07, 2021 3:49:28 AM ca.concordia.dsd.util.LogUtil log
INFO: |MultiCastSenderThread|  sending multicast, data : 3,CREATE_TR_RECORD,MTL,MTL1111,binit,kumar,montreal,123-123-1231,maths,MTL,1
Aug 07, 2021 3:49:38 AM ca.concordia.dsd.util.LogUtil log
INFO: |ReplicaHandler| Preparing Multicast request for get record Count :2,GET_RECORD_COUNT,MTL,MTL1111,2
Aug 07, 2021 3:49:38 AM ca.concordia.dsd.util.LogUtil log
INFO: |ReplicaHandler| Preparing Multicast request for get record Count :3,GET_RECORD_COUNT,MTL,MTL1111,2
Aug 07, 2021 3:49:38 AM ca.concordia.dsd.util.LogUtil log
INFO: |MultiCastSenderThread|  sending multicast, data : 2,GET_RECORD_COUNT,MTL,MTL1111,2
Aug 07, 2021 3:49:38 AM ca.concordia.dsd.util.LogUtil log
INFO: |MultiCastSenderThread|  sending multicast, data : 3,GET_RECORD_COUNT,MTL,MTL1111,2
Aug 07, 2021 3:49:39 AM ca.concordia.dsd.util.LogUtil log
INFO: |UDPRequestProviderThread| request type : GET_RECORD_COUNT
Aug 07, 2021 3:49:39 AM ca.concordia.dsd.util.LogUtil log
INFO: |UDPRequestProviderThread|  data : GET_RECORD_COUNT
Aug 07, 2021 3:49:40 AM ca.concordia.dsd.util.LogUtil log
INFO: |UDPRequestReceiverThread| received packet :  GET_RECORD_COUNT from datacenter : LVL
Aug 07, 2021 3:49:40 AM ca.concordia.dsd.util.LogUtil log
INFO: |UDPRequestSenderThread| record count : 0
Aug 07, 2021 3:49:40 AM ca.concordia.dsd.util.LogUtil log
INFO: |UDPRequestProviderThread| request type : GET_RECORD_COUNT
Aug 07, 2021 3:49:40 AM ca.concordia.dsd.util.LogUtil log
INFO: |UDPRequestProviderThread|  data : GET_RECORD_COUNT
Aug 07, 2021 3:49:40 AM ca.concordia.dsd.util.LogUtil log
INFO: |UDPRequestReceiverThread| received packet :  GET_RECORD_COUNT from datacenter : DDO
Aug 07, 2021 3:49:41 AM ca.concordia.dsd.util.LogUtil log
INFO: |UDPRequestSenderThread| record count : 0
Aug 07, 2021 3:49:41 AM ca.concordia.dsd.util.LogUtil log
INFO: |CenterServer| MTL 1 , LVL 0 , DDO 0 for the request ID 2 as requested by the managerID MTL1111
