[2021-07-17 00:34:11] [INFO   ] Using managerId : DDO1111 
[2021-07-17 00:35:00] [INFO   ] Using managerId : DDO1111 
[2021-07-17 00:35:23] [INFO   ] TeacherRecord{teacherId='unknown', firstName='asd', lastName='asd', address='d', phone='asdfads', specialization='asdf', location='DDO'} 
[2021-07-17 00:35:23] [INFO   ] teacher id : TR10002 is recorded. 
[2021-07-18 19:58:04] [INFO   ] createcorba connection tag: DDO name: localhost port: 7719 
[2021-07-18 19:58:05] [INFO   ] Using managerId : DDO1111 
[2021-07-18 19:58:10] [INFO   ] Getting record counts from server 
[2021-07-18 19:58:15] [INFO   ] record count returned 
[2021-07-18 20:01:21] [INFO   ] createcorba connection tag: DDO name: localhost port: 7719 
[2021-07-18 20:01:22] [INFO   ] Using managerId : DDO1111 
[2021-07-18 20:01:24] [INFO   ] Getting record counts from server 
[2021-07-18 20:01:29] [INFO   ] record count returned 
[2021-07-18 20:03:48] [INFO   ] createcorba connection tag: DDO name: localhost port: 7719 
[2021-07-18 20:03:48] [INFO   ] Using managerId : DDO1111 
[2021-07-18 20:03:51] [INFO   ] Getting record counts from server 
[2021-07-18 20:03:56] [INFO   ] record count returned 
[2021-07-18 20:05:41] [INFO   ] createcorba connection tag: DDO name: localhost port: 7719 
[2021-07-18 20:05:41] [INFO   ] Using managerId : DDO1111 
[2021-07-18 20:05:46] [INFO   ] Getting record counts from server 
[2021-07-18 20:05:51] [INFO   ] total number of record : DDO,0 
[2021-07-18 20:05:51] [INFO   ] record count returned 
[2021-07-18 20:10:19] [INFO   ] 00001 failed to tranfer to MTL 
