Aug 07, 2021 3:24:43 AM ca.concordia.dsd.util.LogUtil log
INFO: |UDPRequestReceiverThread| MTL UDP Server Started
Aug 07, 2021 3:24:43 AM ca.concordia.dsd.util.LogUtil log
INFO: |PingReceiverThread| Server MTL3 is receiving ping message using port : 8003
Aug 07, 2021 3:24:43 AM ca.concordia.dsd.util.LogUtil log
INFO: |UDPRequestReceiverThread| LVL UDP Server Started
Aug 07, 2021 3:24:43 AM ca.concordia.dsd.util.LogUtil log
INFO: |PingReceiverThread| Server LVL3 is receiving ping message using port : 8006
Aug 07, 2021 3:24:43 AM ca.concordia.dsd.util.LogUtil log
INFO: |UDPRequestReceiverThread| DDO UDP Server Started
Aug 07, 2021 3:24:43 AM ca.concordia.dsd.util.LogUtil log
INFO: |PingReceiverThread| Server DDO3 is receiving ping message using port : 8009
Aug 07, 2021 3:49:01 AM ca.concordia.dsd.util.LogUtil log
INFO: |UDPRequestReceiverThread| MTL UDP Server Started
Aug 07, 2021 3:49:01 AM ca.concordia.dsd.util.LogUtil log
INFO: |PingReceiverThread| Server MTL3 is receiving ping message using port : 8003
Aug 07, 2021 3:49:01 AM ca.concordia.dsd.util.LogUtil log
INFO: |UDPRequestReceiverThread| LVL UDP Server Started
Aug 07, 2021 3:49:01 AM ca.concordia.dsd.util.LogUtil log
INFO: |PingReceiverThread| Server LVL3 is receiving ping message using port : 8006
Aug 07, 2021 3:49:01 AM ca.concordia.dsd.util.LogUtil log
INFO: |UDPRequestReceiverThread| DDO UDP Server Started
Aug 07, 2021 3:49:01 AM ca.concordia.dsd.util.LogUtil log
INFO: |PingReceiverThread| Server DDO3 is receiving ping message using port : 8009
