[2021-07-02 23:40:06] [INFO   ] DDO UDP Server Started 
[2021-07-02 23:47:19] [INFO   ] DDO UDP Server Started 
[2021-07-17 00:01:18] [INFO   ] DDO UDP Server Started 
[2021-07-17 00:26:53] [INFO   ] DDO UDP Server Started 
[2021-07-17 00:28:32] [INFO   ] DDO UDP Server Started 
[2021-07-17 00:34:55] [INFO   ]  [DDO1111] get record counts  
[2021-07-17 00:35:23] [INFO   ]  [DDO1111] Create record called for teacher : asd 
[2021-07-17 00:35:23] [INFO   ]  [DDO1111] new teacher asd with this key a 
[2021-07-17 00:35:23] [INFO   ]  [DDO1111] teacher id TR10002 
[2021-07-18 18:52:58] [INFO   ] DDO UDP Server Started 
[2021-07-18 19:04:25] [INFO   ] DDO UDP Server Started 
[2021-07-18 19:04:50] [INFO   ] DDO UDP Server Started 
[2021-07-18 19:58:10] [INFO   ]  [DDO1111] get record counts  
[2021-07-18 20:01:13] [INFO   ] DDO UDP Server Started 
[2021-07-18 20:01:24] [INFO   ]  [DDO1111] get record counts  
[2021-07-18 20:03:27] [INFO   ] DDO UDP Server Started 
[2021-07-18 20:03:51] [INFO   ]  [DDO1111] get record counts  
[2021-07-18 20:03:56] [INFO   ] null 
[2021-07-18 20:03:56] [INFO   ] null 
[2021-07-18 20:03:56] [INFO   ]  [DDO1111] record count DDO,0 
[2021-07-18 20:05:46] [INFO   ]  [DDO1111] get record counts  
[2021-07-18 20:05:51] [INFO   ] null 
[2021-07-18 20:05:51] [INFO   ] null 
[2021-07-18 20:05:51] [INFO   ]  [DDO1111] record count DDO,0 
