Aug 07, 2021 3:24:43 AM ca.concordia.dsd.util.LogUtil log
INFO: |UDPRequestReceiverThread| MTL UDP Server Started
Aug 07, 2021 3:24:43 AM ca.concordia.dsd.util.LogUtil log
INFO: |PingReceiverThread| Server MTL2 is receiving ping message using port : 8002
Aug 07, 2021 3:24:43 AM ca.concordia.dsd.util.LogUtil log
INFO: |UDPRequestReceiverThread| LVL UDP Server Started
Aug 07, 2021 3:24:43 AM ca.concordia.dsd.util.LogUtil log
INFO: |PingReceiverThread| Server LVL2 is receiving ping message using port : 8005
Aug 07, 2021 3:24:43 AM ca.concordia.dsd.util.LogUtil log
INFO: |UDPRequestReceiverThread| DDO UDP Server Started
Aug 07, 2021 3:24:43 AM ca.concordia.dsd.util.LogUtil log
INFO: |PingReceiverThread| Server DDO2 is receiving ping message using port : 8008
Aug 07, 2021 3:49:01 AM ca.concordia.dsd.util.LogUtil log
INFO: |UDPRequestReceiverThread| MTL UDP Server Started
Aug 07, 2021 3:49:01 AM ca.concordia.dsd.util.LogUtil log
INFO: |PingReceiverThread| Server MTL2 is receiving ping message using port : 8002
Aug 07, 2021 3:49:01 AM ca.concordia.dsd.util.LogUtil log
INFO: |UDPRequestReceiverThread| LVL UDP Server Started
Aug 07, 2021 3:49:01 AM ca.concordia.dsd.util.LogUtil log
INFO: |PingReceiverThread| Server LVL2 is receiving ping message using port : 8005
Aug 07, 2021 3:49:01 AM ca.concordia.dsd.util.LogUtil log
INFO: |UDPRequestReceiverThread| DDO UDP Server Started
Aug 07, 2021 3:49:01 AM ca.concordia.dsd.util.LogUtil log
INFO: |PingReceiverThread| Server DDO2 is receiving ping message using port : 8008
